Dec 10 09:19:42 LabSZ sshd[24667]: input_userauth_request: invalid user magnos [preauth]
Dec 10 11:04:02 LabSZ sshd[25478]: input_userauth_request: invalid user anonymous [preauth]
Dec 10 09:12:57 LabSZ sshd[24487]: input_userauth_request: invalid user api [preauth]
Dec 10 10:55:07 LabSZ sshd[24914]: input_userauth_request: invalid user cheng [preauth]
Dec 10 09:11:45 LabSZ sshd[24456]: input_userauth_request: invalid user ubnt [preauth]
Dec 10 09:12:28 LabSZ sshd[24488]: input_userauth_request: invalid user monitor [preauth]
Dec 10 08:33:24 LabSZ sshd[24385]: input_userauth_request: invalid user support [preauth]
Dec 10 07:55:55 LabSZ sshd[24331]: input_userauth_request: invalid user test [preauth]
Dec 10 10:54:27 LabSZ sshd[24868]: input_userauth_request: invalid user zhangyan [preauth]
Dec 10 07:28:25 LabSZ sshd[24265]: input_userauth_request: invalid user utsims [preauth]
Dec 10 08:44:20 LabSZ sshd[24410]: input_userauth_request: invalid user matlab [preauth]
Dec 10 09:11:41 LabSZ sshd[24453]: input_userauth_request: invalid user admin [preauth]
Dec 10 09:12:08 LabSZ sshd[24455]: input_userauth_request: invalid user admin [preauth]
Dec 10 09:17:15 LabSZ sshd[24608]: input_userauth_request: invalid user oracle [preauth]
Dec 10 09:17:52 LabSZ sshd[24622]: input_userauth_request: invalid user vnc [preauth]
Dec 10 09:18:28 LabSZ sshd[24634]: input_userauth_request: invalid user deploy [preauth]
Dec 10 07:56:14 LabSZ sshd[24334]: input_userauth_request: invalid user support [preauth]
Dec 10 09:12:06 LabSZ sshd[24473]: input_userauth_request: invalid user operator [preauth]
Dec 10 09:18:40 LabSZ sshd[24645]: input_userauth_request: invalid user oralce [preauth]
Dec 10 09:31:22 LabSZ sshd[24676]: input_userauth_request: invalid user FILTER [preauth]
Dec 10 09:18:11 LabSZ sshd[24628]: input_userauth_request: invalid user ubuntu [preauth]
Dec 10 08:25:27 LabSZ sshd[24371]: input_userauth_request: invalid user admin [preauth]
Dec 10 06:55:46 LabSZ sshd[24200]: input_userauth_request: invalid user webmaster [preauth]
Dec 10 09:11:00 LabSZ sshd[24437]: input_userauth_request: invalid user admin [preauth]
Dec 10 09:18:22 LabSZ sshd[24632]: input_userauth_request: invalid user test [preauth]
Dec 10 09:11:56 LabSZ sshd[24464]: input_userauth_request: invalid user cisco [preauth]
Dec 10 09:12:01 LabSZ sshd[24469]: input_userauth_request: invalid user guest [preauth]
Dec 10 09:09:39 LabSZ sshd[24421]: input_userauth_request: invalid user admin [preauth]
Dec 10 11:04:12 LabSZ sshd[25492]: input_userauth_request: invalid user ubnt [preauth]
Dec 10 09:32:35 LabSZ sshd[24787]: input_userauth_request: invalid user matlab [preauth]
Dec 10 09:12:22 LabSZ sshd[24483]: input_userauth_request: invalid user admin [preauth]
Dec 10 07:28:03 LabSZ sshd[24245]: input_userauth_request: invalid user pgadmin [preauth]
Dec 10 09:19:37 LabSZ sshd[24665]: input_userauth_request: invalid user magnos [preauth]
Dec 10 08:25:48 LabSZ sshd[24373]: input_userauth_request: invalid user admin [preauth]
Dec 10 11:03:45 LabSZ sshd[25459]: input_userauth_request: invalid user user [preauth]
Dec 10 09:18:33 LabSZ sshd[24641]: input_userauth_request: invalid user deploy [preauth]
Dec 10 10:21:01 LabSZ sshd[24841]: input_userauth_request: invalid user matlab [preauth]
Dec 10 10:55:49 LabSZ sshd[24959]: input_userauth_request: invalid user boot [preauth]
Dec 10 09:17:11 LabSZ sshd[24606]: input_userauth_request: invalid user oracle [preauth]
Dec 10 09:19:54 LabSZ sshd[24671]: input_userauth_request: invalid user jay [preauth]
Dec 10 09:17:36 LabSZ sshd[24616]: input_userauth_request: invalid user www [preauth]
Dec 10 09:16:48 LabSZ sshd[24595]: input_userauth_request: invalid user eoor [preauth]
Dec 10 09:16:59 LabSZ sshd[24599]: input_userauth_request: invalid user butter [preauth]
Dec 10 11:03:41 LabSZ sshd[25455]: input_userauth_request: invalid user support [preauth]
Dec 10 07:42:49 LabSZ sshd[24318]: input_userauth_request: invalid user inspur [preauth]
Dec 10 09:12:16 LabSZ sshd[24479]: input_userauth_request: invalid user admin [preauth]
Dec 10 08:25:58 LabSZ sshd[24375]: input_userauth_request: invalid user default [preauth]
Dec 10 10:13:59 LabSZ sshd[24833]: input_userauth_request: invalid user admin [preauth]
Dec 10 09:11:58 LabSZ sshd[24467]: input_userauth_request: invalid user test [preauth]
Dec 10 09:11:20 LabSZ sshd[24439]: input_userauth_request: invalid user admin [preauth]
Dec 10 09:12:38 LabSZ sshd[24497]: input_userauth_request: invalid user Management [preauth]
Dec 10 08:24:58 LabSZ sshd[24367]: input_userauth_request: invalid user admin [preauth]
Dec 10 09:17:26 LabSZ sshd[24612]: input_userauth_request: invalid user postgres [preauth]
Dec 10 10:32:27 LabSZ sshd[24844]: input_userauth_request: invalid user inspur [preauth]
Dec 10 10:55:39 LabSZ sshd[24949]: input_userauth_request: invalid user oracle [preauth]
Dec 10 11:04:38 LabSZ sshd[25534]: input_userauth_request: invalid user guest [preauth]
Dec 10 09:19:49 LabSZ sshd[24669]: input_userauth_request: invalid user ingrid [preauth]
Dec 10 09:12:43 LabSZ sshd[24501]: input_userauth_request: invalid user ftpuser [preauth]
Dec 10 09:18:33 LabSZ sshd[24643]: input_userauth_request: invalid user admin [preauth]
Dec 10 09:17:46 LabSZ sshd[24620]: input_userauth_request: invalid user ted [preauth]
Dec 10 09:12:04 LabSZ sshd[24471]: input_userauth_request: invalid user user [preauth]
Dec 10 08:33:29 LabSZ sshd[24389]: input_userauth_request: invalid user admin [preauth]
Dec 10 11:04:42 LabSZ sshd[25539]: input_userauth_request: invalid user user [preauth]
Dec 10 09:11:53 LabSZ sshd[24462]: input_userauth_request: invalid user admin [preauth]
Dec 10 10:55:43 LabSZ sshd[24953]: input_userauth_request: invalid user oracle [preauth]
Dec 10 11:04:30 LabSZ sshd[25521]: input_userauth_request: invalid user cisco [preauth]
Dec 10 08:08:41 LabSZ sshd[24338]: input_userauth_request: invalid user inspur [preauth]
Dec 10 09:18:05 LabSZ sshd[24626]: input_userauth_request: invalid user ghost [preauth]
Dec 10 11:00:57 LabSZ sshd[25283]: input_userauth_request: invalid user sandeep [preauth]
Dec 10 07:51:12 LabSZ sshd[24324]: input_userauth_request: invalid user support [preauth]
Dec 10 11:04:07 LabSZ sshd[25484]: input_userauth_request: invalid user admin [preauth]
Dec 10 09:12:20 LabSZ sshd[24481]: input_userauth_request: invalid user admin [preauth]
Dec 10 09:12:35 LabSZ sshd[24494]: input_userauth_request: invalid user PlcmSpIp [preauth]
Dec 10 09:12:10 LabSZ sshd[24475]: input_userauth_request: invalid user admin [preauth]
Dec 10 09:18:27 LabSZ sshd[24637]: input_userauth_request: invalid user support [preauth]
Dec 10 10:55:45 LabSZ sshd[24955]: input_userauth_request: invalid user ubuntu [preauth]
Dec 10 07:11:42 LabSZ sshd[24224]: input_userauth_request: invalid user chen [preauth]
Dec 10 11:04:34 LabSZ sshd[25527]: input_userauth_request: invalid user test [preauth]
Dec 10 07:08:28 LabSZ sshd[24208]: input_userauth_request: invalid user webmaster [preauth]
Dec 10 08:26:22 LabSZ sshd[24379]: input_userauth_request: invalid user guest [preauth]
Dec 10 09:17:05 LabSZ sshd[24604]: input_userauth_request: invalid user redhat [preauth]
Dec 10 09:17:31 LabSZ sshd[24614]: input_userauth_request: invalid user nagios [preauth]
Dec 10 09:12:30 LabSZ sshd[24490]: input_userauth_request: invalid user ftpuser [preauth]
Dec 10 09:18:46 LabSZ sshd[24647]: input_userauth_request: invalid user oracle [preauth]
Dec 10 09:20:00 LabSZ sshd[24673]: input_userauth_request: invalid user cyrus [preauth]
Dec 10 09:17:21 LabSZ sshd[24610]: input_userauth_request: invalid user oracle [preauth]
Dec 10 11:03:37 LabSZ sshd[25448]: input_userauth_request: invalid user admin [preauth]
Dec 10 10:55:41 LabSZ sshd[24951]: input_userauth_request: invalid user test [preauth]
Dec 10 09:11:23 LabSZ sshd[24441]: input_userauth_request: invalid user support [preauth]
Dec 10 09:19:15 LabSZ sshd[24657]: input_userauth_request: invalid user bssh [preauth]
Dec 10 08:25:06 LabSZ sshd[24369]: input_userauth_request: invalid user admin [preauth]
Dec 10 09:12:33 LabSZ sshd[24492]: input_userauth_request: invalid user pi [preauth]
Dec 10 11:04:25 LabSZ sshd[25513]: input_userauth_request: invalid user admin [preauth]
Dec 10 09:11:39 LabSZ sshd[24451]: input_userauth_request: invalid user anonymous [preauth]
Dec 10 09:11:26 LabSZ sshd[24443]: input_userauth_request: invalid user user [preauth]
Dec 10 09:08:38 LabSZ sshd[24419]: input_userauth_request: invalid user admin [preauth]