cluster_1.out: "([0-9a-fA-F]+) ([0-9]+) .+? ([a-zA-Z]+) .+? ([a-zA-Z]+) ([a-zA-Z]+) ([a-zA-Z]+) ([a-zA-Z]+) ([a-zA-Z]+) .+? +.+? +([a-zA-Z]+) +(-) +([a-zA-Z]+) +.+? +.+?"
cluster_2.out: "([0-9a-fA-F]+) ([0-9]+) .+? ([a-zA-Z]+) .+? ([a-zA-Z]+) ([a-zA-Z]+) ([a-zA-Z]+) +([a-zA-Z]+) +.+?"
cluster_3.out: "([0-9a-fA-F]+) ([0-9]+) .+? ([a-zA-Z]+) .+? input_userauth_request: ([a-zA-Z]+) ([a-zA-Z]+) ([a-zA-Z]+) +.+?"
cluster_4.out: "([0-9a-fA-F]+) ([0-9]+) .+? ([a-zA-Z]+) .+? pam_unix\(sshd:auth\): ([a-zA-Z]+) pass; ([a-zA-Z]+) ([a-zA-Z]+)"
cluster_5.out: "([0-9a-fA-F]+) ([0-9]+) .+? ([a-zA-Z]+) .+? pam_unix\(sshd:auth\): ([a-zA-Z]+) failure; logname= uid=0 euid=0 tty=ssh ruser= .+? +"
cluster_6.out: "([0-9a-fA-F]+) ([0-9]+) .+? ([a-zA-Z]+) .+? ([a-zA-Z]+) ([a-zA-Z]+) ([a-zA-Z]+) +([a-zA-Z]+) +([a-zA-Z]+) +([a-zA-Z]+) +([a-zA-Z]+) +.+? +([a-zA-Z]+) +([0-9]+) +.+?"
cluster_7.out: "([0-9a-fA-F]+) ([0-9]+) .+? ([a-zA-Z]+) .+? ([a-zA-Z]+) ([a-zA-Z]+) ([a-zA-Z]+) .+? +.+?"
cluster_8.out: "([0-9a-fA-F]+) ([0-9]+) .+? ([a-zA-Z]+) .+? ([a-zA-Z]+) ([a-zA-Z]+) .+? +([a-zA-Z]+) +.+?"
cluster_9.out: "([0-9a-fA-F]+) ([0-9]+) .+? ([a-zA-Z]+) .+? input_userauth_request: ([a-zA-Z]+) ([a-zA-Z]+) .+? +.+?"
cluster_10.out: "([0-9a-fA-F]+) ([0-9]+) .+? ([a-zA-Z]+) .+? ([a-zA-Z]+) ([a-zA-Z]+) ([a-zA-Z]+) ([a-zA-Z]+) ([a-zA-Z]+) .+? +([a-zA-Z]+) +.+? +([a-zA-Z]+) +([0-9]+) +.+?"
cluster_11.out: "([0-9a-fA-F]+) ([0-9]+) .+? ([a-zA-Z]+) .+? ([a-zA-Z]+) ([a-zA-Z]+) ([a-zA-Z]+) .+? +.+? +([a-zA-Z]+) +([a-zA-Z]+) +.+?"
cluster_12.out: "([0-9a-fA-F]+) ([0-9]+) .+? ([a-zA-Z]+) .+? pam_unix\(sshd:auth\): ([a-zA-Z]+) failure; logname= uid=0 euid=0 tty=ssh ruser= .+? +.+?"
cluster_13.out: "([0-9a-fA-F]+) ([0-9]+) .+? ([a-zA-Z]+) .+? ([a-zA-Z]+) +([a-zA-Z]+) +([a-zA-Z]+) +([a-zA-Z]+) +([a-zA-Z]+) +.+? +([a-zA-Z]+) +([0-9]+) +.+?"
cluster_14.out: "([0-9a-fA-F]+) ([0-9]+) .+? ([a-zA-Z]+) .+? ([a-zA-Z]+) ([a-zA-Z]+) ([0-9]+) times: (\[) ([a-zA-Z]+) ([a-zA-Z]+) ([a-zA-Z]+) ([a-zA-Z]+) ([a-zA-Z]+) .+? +([a-zA-Z]+) +([0-9]+) +.+?"
cluster_15.out: "([0-9a-fA-F]+) ([0-9]+) .+? ([a-zA-Z]+) .+? .+? +([a-zA-Z]+) +([a-zA-Z]+) ([a-zA-Z]+) ([a-zA-Z]+) ([a-zA-Z]+) +([a-zA-Z]+) +.+?"
cluster_16.out: "([0-9a-fA-F]+) ([0-9]+) .+? ([a-zA-Z]+) .+? ([a-zA-Z]+) ([0-9]+) ([a-zA-Z]+) ([a-zA-Z]+) failures; logname= uid=0 euid=0 tty=ssh ruser= .+? +.+?"
cluster_17.out: "([0-9a-fA-F]+) ([0-9]+) .+? ([a-zA-Z]+) .+? ([a-zA-Z]+) service\(sshd\) ([a-zA-Z]+) ([a-zA-Z]+) retries; ([0-9]+) > ([0-9]+)"
cluster_18.out: "([0-9a-fA-F]+) ([0-9]+) .+? ([a-zA-Z]+) .+? ([a-zA-Z]+) ([a-zA-Z]+) ([a-zA-Z]+) ([a-zA-Z]+) ([a-zA-Z]+) ([a-zA-Z]+) .+?"
cluster_19.out: "([0-9a-fA-F]+) ([0-9]+) .+? ([a-zA-Z]+) .+? error: ([a-zA-Z]+) ([a-zA-Z]+) ([a-zA-Z]+) 195\.154\.37\.122: 3: com\.jcraft\.jsch\.JSchException: ([a-zA-Z]+) ([a-zA-Z]+) \[preauth\]"
cluster_20.out: "([0-9a-fA-F]+) ([0-9]+) .+? ([a-zA-Z]+) .+? ([a-zA-Z]+) ([a-zA-Z]+) ([a-zA-Z]+) .+? +.+? +([a-zA-Z]+) +([a-zA-Z]+) +([a-zA-Z]+) +([a-zA-Z]+) +.+? +.+?"
cluster_21.out: "([0-9a-fA-F]+) ([0-9]+) .+? ([a-zA-Z]+) .+? ([a-zA-Z]+) ([a-zA-Z]+) ([0-9]+) +([a-zA-Z]+) +.+?"
cluster_22.out: "([0-9a-fA-F]+) ([0-9]+) .+? ([a-zA-Z]+) .+? input_userauth_request: ([a-zA-Z]+) ([a-zA-Z]+) ([0-9]+) +.+?"
cluster_23.out: "([0-9a-fA-F]+) ([0-9]+) .+? ([a-zA-Z]+) .+? ([a-zA-Z]+) ([a-zA-Z]+) ([a-zA-Z]+) +([a-zA-Z]+) +([a-zA-Z]+) +([0-9]+) +([a-zA-Z]+) +.+? +([a-zA-Z]+) +([0-9]+) +.+?"
cluster_24.out: "([0-9a-fA-F]+) ([0-9]+) .+? ([a-zA-Z]+) .+? ([a-zA-Z]+) ([0-9]+) ([a-zA-Z]+) ([a-zA-Z]+) .+? +.+? +.+? +.+? +.+? +.+? +.+? +"
cluster_25.out: "([0-9a-fA-F]+) ([0-9]+) .+? ([a-zA-Z]+) .+? error: ([a-zA-Z]+) ([a-zA-Z]+) ([a-zA-Z]+) 103\.99\.0\.122: 14: ([a-zA-Z]+) ([a-zA-Z]+) ([a-zA-Z]+) ([a-zA-Z]+) ([a-zA-Z]+) available\. \[preauth\]"
cluster_26.out: "([0-9a-fA-F]+) ([0-9]+) .+? ([a-zA-Z]+) .+? ([a-zA-Z]+) ([a-zA-Z]+) ([0-9a-fA-F]+) ([a-zA-Z]+) .+?"
cluster_27.out: "([0-9a-fA-F]+) ([0-9]+) .+? ([a-zA-Z]+) .+? input_userauth_request: ([a-zA-Z]+) ([a-zA-Z]+) ([0-9a-fA-F]+) \[preauth\]"
cluster_28.out: "([0-9a-fA-F]+) ([0-9]+) .+? ([a-zA-Z]+) .+? ([a-zA-Z]+) ([a-zA-Z]+) ([a-zA-Z]+) ([a-zA-Z]+) ([a-zA-Z]+) ([0-9a-fA-F]+) ([a-zA-Z]+) .+? +([a-zA-Z]+) +([0-9]+) +.+?"
cluster_29.out: "([0-9a-fA-F]+) ([0-9]+) 09:45:06 ([a-zA-Z]+) sshd\[24761\]: ([a-zA-Z]+) ([a-zA-Z]+) ([a-zA-Z]+) 119\.137\.62\.142: 11: ([a-zA-Z]+) ([a-zA-Z]+) ([a-zA-Z]+)"
cluster_30.out: "([0-9a-fA-F]+) ([0-9]+) 09:45:06 ([a-zA-Z]+) sshd\[24680\]: pam_unix\(sshd:session\): ([a-zA-Z]+) ([a-zA-Z]+) ([a-zA-Z]+) ([a-zA-Z]+) ([a-zA-Z]+)"
cluster_31.out: "([0-9a-fA-F]+) ([0-9]+) 11:03:53 ([a-zA-Z]+) sshd\[25457\]: fatal: ([a-zA-Z]+) failed: ([a-zA-Z]+) ([a-zA-Z]+) ([a-zA-Z]+) ([a-zA-Z]+) \[preauth\]"